#
# There is insufficient memory for the Java Runtime Environment to continue.
# Native memory allocation (malloc) failed to allocate 1543056 bytes for Chunk::new
# Possible reasons:
#   The system is out of physical RAM or swap space
#   In 32 bit mode, the process size limit was hit
# Possible solutions:
#   Reduce memory load on the system
#   Increase physical memory or swap space
#   Check if swap backing store is full
#   Use 64 bit Java on a 64 bit OS
#   Decrease Java heap size (-Xmx/-Xms)
#   Decrease number of Java threads
#   Decrease Java thread stack sizes (-Xss)
#   Set larger code cache with -XX:ReservedCodeCacheSize=
# This output file may be truncated or incomplete.
#
#  Out of Memory Error (allocation.cpp:390), pid=508, tid=8208
#
# JRE version: Java(TM) SE Runtime Environment (8.0_71-b15) (build 1.8.0_71-b15)
# Java VM: Java HotSpot(TM) 64-Bit Server VM (25.71-b15 mixed mode windows-amd64 compressed oops)
# Failed to write core dump. Minidumps are not enabled by default on client versions of Windows
#

---------------  T H R E A D  ---------------

Current thread (0x000000001951f800):  JavaThread "C2 CompilerThread2" daemon [_thread_in_native, id=8208, stack(0x0000000019c90000,0x0000000019d90000)]

Stack: [0x0000000019c90000,0x0000000019d90000]
[error occurred during error reporting (printing stack bounds), id 0xc0000005]

Native frames: (J=compiled Java code, j=interpreted, Vv=VM code, C=native code)


Current CompileTask:
C2: 410527 12493       4       com.android.utils.XmlUtils::append (540 bytes)


---------------  P R O C E S S  ---------------

Java Threads: ( => current thread )
  0x000000001b24c000 JavaThread "png-cruncher_15" daemon [_thread_blocked, id=14168, stack(0x0000000029db0000,0x0000000029eb0000)]
  0x000000001b24a800 JavaThread "png-cruncher_14" daemon [_thread_blocked, id=16112, stack(0x0000000029cb0000,0x0000000029db0000)]
  0x000000001b248800 JavaThread "png-cruncher_13" daemon [_thread_blocked, id=12168, stack(0x0000000029bb0000,0x0000000029cb0000)]
  0x000000001b249000 JavaThread "png-cruncher_12" daemon [_thread_blocked, id=11380, stack(0x0000000029ab0000,0x0000000029bb0000)]
  0x000000001b244800 JavaThread "png-cruncher_11" daemon [_thread_blocked, id=6312, stack(0x00000000299b0000,0x0000000029ab0000)]
  0x000000001d9b5000 JavaThread "png-cruncher_10" daemon [_thread_blocked, id=11476, stack(0x0000000028eb0000,0x0000000028fb0000)]
  0x000000001d9b6800 JavaThread "pool-4-thread-1" [_thread_blocked, id=13224, stack(0x0000000027fb0000,0x00000000280b0000)]
  0x000000001d9aa000 JavaThread "pool-5-thread-8" [_thread_blocked, id=13412, stack(0x00000000279b0000,0x0000000027ab0000)]
  0x000000001d9ae800 JavaThread "pool-5-thread-7" [_thread_blocked, id=2176, stack(0x00000000268d0000,0x00000000269d0000)]
  0x000000001d9ad800 JavaThread "pool-5-thread-6" [_thread_blocked, id=4264, stack(0x00000000267d0000,0x00000000268d0000)]
  0x000000001d9aa800 JavaThread "pool-5-thread-5" [_thread_blocked, id=10368, stack(0x00000000266d0000,0x00000000267d0000)]
  0x000000001d9ad000 JavaThread "pool-5-thread-4" [_thread_blocked, id=9532, stack(0x00000000265d0000,0x00000000266d0000)]
  0x000000001d9af000 JavaThread "pool-5-thread-3" [_thread_blocked, id=16048, stack(0x00000000264d0000,0x00000000265d0000)]
  0x000000001d9a7800 JavaThread "pool-5-thread-2" [_thread_blocked, id=14976, stack(0x00000000263d0000,0x00000000264d0000)]
  0x000000001d9ac000 JavaThread "pool-5-thread-1" [_thread_blocked, id=12796, stack(0x00000000262d0000,0x00000000263d0000)]
  0x000000001e3db000 JavaThread "Stdin handler" [_thread_blocked, id=404, stack(0x00000000261d0000,0x00000000262d0000)]
  0x000000001e3db800 JavaThread "Asynchronous log dispatcher for org.gradle.launcher.daemon.server.DefaultDaemonConnection@253d4174" [_thread_blocked, id=11956, stack(0x00000000260d0000,0x00000000261d0000)]
  0x000000001e3d8000 JavaThread "Cancel handler" [_thread_blocked, id=1736, stack(0x0000000025d20000,0x0000000025e20000)]
  0x000000001e3d9800 JavaThread "Handler for socket connection from /127.0.0.1:51089 to /127.0.0.1:53384" [_thread_in_native, id=1680, stack(0x0000000025c20000,0x0000000025d20000)]
  0x000000001e3d8800 JavaThread "Daemon worker Thread 2" [_thread_in_native, id=12904, stack(0x0000000025920000,0x0000000025a20000)]
  0x000000001e3d7000 JavaThread "Daemon Thread 2" [_thread_blocked, id=7428, stack(0x00000000243c0000,0x00000000244c0000)]
  0x000000001e3d6800 JavaThread "File lock request listener" [_thread_in_native, id=14000, stack(0x000000001f800000,0x000000001f900000)]
  0x000000001a929000 JavaThread "Incoming local TCP Connector on port 51089" [_thread_in_native, id=14056, stack(0x000000001b960000,0x000000001ba60000)]
  0x000000001abd0000 JavaThread "pool-1-thread-1" [_thread_blocked, id=8768, stack(0x000000001b860000,0x000000001b960000)]
  0x00000000195bd800 JavaThread "Service Thread" daemon [_thread_blocked, id=12804, stack(0x0000000019e90000,0x0000000019f90000)]
  0x0000000019525800 JavaThread "C1 CompilerThread3" daemon [_thread_blocked, id=4420, stack(0x0000000019d90000,0x0000000019e90000)]
=>0x000000001951f800 JavaThread "C2 CompilerThread2" daemon [_thread_in_native, id=8208, stack(0x0000000019c90000,0x0000000019d90000)]
  0x000000001951a000 JavaThread "C2 CompilerThread1" daemon [_thread_blocked, id=10984, stack(0x0000000019b90000,0x0000000019c90000)]
  0x0000000019515000 JavaThread "C2 CompilerThread0" daemon [_thread_blocked, id=14676, stack(0x0000000019a90000,0x0000000019b90000)]
  0x0000000019513800 JavaThread "Attach Listener" daemon [_thread_blocked, id=15712, stack(0x0000000019990000,0x0000000019a90000)]
  0x00000000194c8800 JavaThread "Signal Dispatcher" daemon [_thread_blocked, id=8756, stack(0x0000000019890000,0x0000000019990000)]
  0x000000000370a000 JavaThread "Finalizer" daemon [_thread_blocked, id=6112, stack(0x0000000019390000,0x0000000019490000)]
  0x00000000174cd000 JavaThread "Reference Handler" daemon [_thread_blocked, id=5328, stack(0x0000000019290000,0x0000000019390000)]
  0x0000000003610800 JavaThread "main" [_thread_blocked, id=11104, stack(0x0000000003510000,0x0000000003610000)]

Other Threads:
  0x00000000174c8800 VMThread [stack: 0x0000000019190000,0x0000000019290000] [id=8424]
  0x000000001963e800 WatcherThread [stack: 0x0000000019f90000,0x000000001a090000] [id=15004]

VM state:not at safepoint (normal execution)

VM Mutex/Monitor currently owned by a thread: None

Heap:
 PSYoungGen      total 160768K, used 102295K [0x00000000e0000000, 0x00000000ebf00000, 0x0000000100000000)
  eden space 136704K, 57% used [0x00000000e0000000,0x00000000e4d248e8,0x00000000e8580000)
  from space 24064K, 96% used [0x00000000ea000000,0x00000000eb6c15a8,0x00000000eb780000)
  to   space 27136K, 0% used [0x00000000e8580000,0x00000000e8580000,0x00000000ea000000)
 ParOldGen       total 104448K, used 47841K [0x00000000a0000000, 0x00000000a6600000, 0x00000000e0000000)
  object space 104448K, 45% used [0x00000000a0000000,0x00000000a2eb8700,0x00000000a6600000)
 Metaspace       used 63876K, capacity 66852K, committed 67072K, reserved 1107968K
  class space    used 8498K, capacity 9096K, committed 9216K, reserved 1048576K

Card table byte_map: [0x0000000012ad0000,0x0000000012de0000] byte_map_base: 0x00000000125d0000

Marking Bits: (ParMarkBitMap*) 0x000000005121f600
 Begin Bits: [0x00000000137e0000, 0x0000000014fe0000)
 End Bits:   [0x0000000014fe0000, 0x00000000167e0000)

Polling page: 0x00000000018f0000

CodeCache: size=245760Kb used=36152Kb max_used=37302Kb free=209607Kb
 bounds [0x0000000003710000, 0x0000000005bd0000, 0x0000000012710000]
 total_blobs=11004 nmethods=10256 adapters=658
 compilation: enabled

Compilation events (10 events):
Event: 410.378 Thread 0x0000000019525800 12491       3       com.google.common.util.concurrent.AbstractFuture::get (8 bytes)
Event: 410.379 Thread 0x0000000019525800 nmethod 12491 0x0000000005ac4ed0 code [0x0000000005ac50a0, 0x0000000005ac5898]
Event: 410.380 Thread 0x0000000019515000 12492       4       com.android.ide.common.res2.NodeUtils::updateNamespace (161 bytes)
Event: 410.380 Thread 0x000000001951f800 12493       4       com.android.utils.XmlUtils::append (540 bytes)
Event: 410.386 Thread 0x0000000019525800 12494       3       java.io.InputStreamReader::ready (8 bytes)
Event: 410.386 Thread 0x0000000019525800 nmethod 12494 0x00000000038bced0 code [0x00000000038bd040, 0x00000000038bd1e8]
Event: 410.386 Thread 0x0000000019525800 12495   !   3       sun.nio.cs.StreamDecoder::ready (38 bytes)
Event: 410.388 Thread 0x0000000019525800 nmethod 12495 0x0000000004b31f50 code [0x0000000004b32100, 0x0000000004b32838]
Event: 410.407 Thread 0x0000000019525800 12496       3       com.google.common.io.Closer::register (16 bytes)
Event: 410.408 Thread 0x0000000019525800 nmethod 12496 0x0000000004dcf690 code [0x0000000004dcf800, 0x0000000004dcfa68]

GC Heap History (10 events):
Event: 394.100 GC heap before
{Heap before GC invocations=20 (full 3):
 PSYoungGen      total 147968K, used 140127K [0x00000000e0000000, 0x00000000eaa00000, 0x0000000100000000)
  eden space 131072K, 100% used [0x00000000e0000000,0x00000000e8000000,0x00000000e8000000)
  from space 16896K, 53% used [0x00000000e9980000,0x00000000ea257fe0,0x00000000eaa00000)
  to   space 21504K, 0% used [0x00000000e8000000,0x00000000e8000000,0x00000000e9500000)
 ParOldGen       total 104448K, used 33103K [0x00000000a0000000, 0x00000000a6600000, 0x00000000e0000000)
  object space 104448K, 31% used [0x00000000a0000000,0x00000000a2053ec0,0x00000000a6600000)
 Metaspace       used 60260K, capacity 62504K, committed 62592K, reserved 1103872K
  class space    used 8004K, capacity 8532K, committed 8576K, reserved 1048576K
Event: 394.114 GC heap after
Heap after GC invocations=20 (full 3):
 PSYoungGen      total 146944K, used 19074K [0x00000000e0000000, 0x00000000eaa80000, 0x0000000100000000)
  eden space 127488K, 0% used [0x00000000e0000000,0x00000000e0000000,0x00000000e7c80000)
  from space 19456K, 98% used [0x00000000e8000000,0x00000000e92a0a20,0x00000000e9300000)
  to   space 23552K, 0% used [0x00000000e9380000,0x00000000e9380000,0x00000000eaa80000)
 ParOldGen       total 104448K, used 33111K [0x00000000a0000000, 0x00000000a6600000, 0x00000000e0000000)
  object space 104448K, 31% used [0x00000000a0000000,0x00000000a2055ec0,0x00000000a6600000)
 Metaspace       used 60260K, capacity 62504K, committed 62592K, reserved 1103872K
  class space    used 8004K, capacity 8532K, committed 8576K, reserved 1048576K
}
Event: 395.277 GC heap before
{Heap before GC invocations=21 (full 3):
 PSYoungGen      total 146944K, used 83335K [0x00000000e0000000, 0x00000000eaa80000, 0x0000000100000000)
  eden space 127488K, 50% used [0x00000000e0000000,0x00000000e3ec1448,0x00000000e7c80000)
  from space 19456K, 98% used [0x00000000e8000000,0x00000000e92a0a20,0x00000000e9300000)
  to   space 23552K, 0% used [0x00000000e9380000,0x00000000e9380000,0x00000000eaa80000)
 ParOldGen       total 104448K, used 33111K [0x00000000a0000000, 0x00000000a6600000, 0x00000000e0000000)
  object space 104448K, 31% used [0x00000000a0000000,0x00000000a2055ec0,0x00000000a6600000)
 Metaspace       used 61841K, capacity 64630K, committed 64768K, reserved 1105920K
  class space    used 8312K, capacity 8927K, committed 8960K, reserved 1048576K
Event: 395.288 GC heap after
Heap after GC invocations=21 (full 3):
 PSYoungGen      total 150528K, used 16557K [0x00000000e0000000, 0x00000000eab80000, 0x0000000100000000)
  eden space 126976K, 0% used [0x00000000e0000000,0x00000000e0000000,0x00000000e7c00000)
  from space 23552K, 70% used [0x00000000e9380000,0x00000000ea3ab670,0x00000000eaa80000)
  to   space 24064K, 0% used [0x00000000e7c00000,0x00000000e7c00000,0x00000000e9380000)
 ParOldGen       total 104448K, used 33119K [0x00000000a0000000, 0x00000000a6600000, 0x00000000e0000000)
  object space 104448K, 31% used [0x00000000a0000000,0x00000000a2057ec0,0x00000000a6600000)
 Metaspace       used 61841K, capacity 64630K, committed 64768K, reserved 1105920K
  class space    used 8312K, capacity 8927K, committed 8960K, reserved 1048576K
}
Event: 395.288 GC heap before
{Heap before GC invocations=22 (full 4):
 PSYoungGen      total 150528K, used 16557K [0x00000000e0000000, 0x00000000eab80000, 0x0000000100000000)
  eden space 126976K, 0% used [0x00000000e0000000,0x00000000e0000000,0x00000000e7c00000)
  from space 23552K, 70% used [0x00000000e9380000,0x00000000ea3ab670,0x00000000eaa80000)
  to   space 24064K, 0% used [0x00000000e7c00000,0x00000000e7c00000,0x00000000e9380000)
 ParOldGen       total 104448K, used 33119K [0x00000000a0000000, 0x00000000a6600000, 0x00000000e0000000)
  object space 104448K, 31% used [0x00000000a0000000,0x00000000a2057ec0,0x00000000a6600000)
 Metaspace       used 61841K, capacity 64630K, committed 64768K, reserved 1105920K
  class space    used 8312K, capacity 8927K, committed 8960K, reserved 1048576K
Event: 395.650 GC heap after
Heap after GC invocations=22 (full 4):
 PSYoungGen      total 150528K, used 0K [0x00000000e0000000, 0x00000000eab80000, 0x0000000100000000)
  eden space 126976K, 0% used [0x00000000e0000000,0x00000000e0000000,0x00000000e7c00000)
  from space 23552K, 0% used [0x00000000e9380000,0x00000000e9380000,0x00000000eaa80000)
  to   space 24064K, 0% used [0x00000000e7c00000,0x00000000e7c00000,0x00000000e9380000)
 ParOldGen       total 104448K, used 47825K [0x00000000a0000000, 0x00000000a6600000, 0x00000000e0000000)
  object space 104448K, 45% used [0x00000000a0000000,0x00000000a2eb4700,0x00000000a6600000)
 Metaspace       used 61810K, capacity 64510K, committed 64768K, reserved 1105920K
  class space    used 8303K, capacity 8887K, committed 8960K, reserved 1048576K
}
Event: 404.676 GC heap before
{Heap before GC invocations=23 (full 4):
 PSYoungGen      total 150528K, used 126976K [0x00000000e0000000, 0x00000000eab80000, 0x0000000100000000)
  eden space 126976K, 100% used [0x00000000e0000000,0x00000000e7c00000,0x00000000e7c00000)
  from space 23552K, 0% used [0x00000000e9380000,0x00000000e9380000,0x00000000eaa80000)
  to   space 24064K, 0% used [0x00000000e7c00000,0x00000000e7c00000,0x00000000e9380000)
 ParOldGen       total 104448K, used 47825K [0x00000000a0000000, 0x00000000a6600000, 0x00000000e0000000)
  object space 104448K, 45% used [0x00000000a0000000,0x00000000a2eb4700,0x00000000a6600000)
 Metaspace       used 62056K, capacity 64798K, committed 65024K, reserved 1105920K
  class space    used 8318K, capacity 8907K, committed 8960K, reserved 1048576K
Event: 404.682 GC heap after
Heap after GC invocations=23 (full 4):
 PSYoungGen      total 151040K, used 6304K [0x00000000e0000000, 0x00000000eb780000, 0x0000000100000000)
  eden space 126976K, 0% used [0x00000000e0000000,0x00000000e0000000,0x00000000e7c00000)
  from space 24064K, 26% used [0x00000000e7c00000,0x00000000e8228000,0x00000000e9380000)
  to   space 24064K, 0% used [0x00000000ea000000,0x00000000ea000000,0x00000000eb780000)
 ParOldGen       total 104448K, used 47833K [0x00000000a0000000, 0x00000000a6600000, 0x00000000e0000000)
  object space 104448K, 45% used [0x00000000a0000000,0x00000000a2eb6700,0x00000000a6600000)
 Metaspace       used 62056K, capacity 64798K, committed 65024K, reserved 1105920K
  class space    used 8318K, capacity 8907K, committed 8960K, reserved 1048576K
}
Event: 408.975 GC heap before
{Heap before GC invocations=24 (full 4):
 PSYoungGen      total 151040K, used 133280K [0x00000000e0000000, 0x00000000eb780000, 0x0000000100000000)
  eden space 126976K, 100% used [0x00000000e0000000,0x00000000e7c00000,0x00000000e7c00000)
  from space 24064K, 26% used [0x00000000e7c00000,0x00000000e8228000,0x00000000e9380000)
  to   space 24064K, 0% used [0x00000000ea000000,0x00000000ea000000,0x00000000eb780000)
 ParOldGen       total 104448K, used 47833K [0x00000000a0000000, 0x00000000a6600000, 0x00000000e0000000)
  object space 104448K, 45% used [0x00000000a0000000,0x00000000a2eb6700,0x00000000a6600000)
 Metaspace       used 63392K, capacity 66270K, committed 66432K, reserved 1105920K
  class space    used 8450K, capacity 9041K, committed 9088K, reserved 1048576K
Event: 409.011 GC heap after
Heap after GC invocations=24 (full 4):
 PSYoungGen      total 160768K, used 23301K [0x00000000e0000000, 0x00000000ebf00000, 0x0000000100000000)
  eden space 136704K, 0% used [0x00000000e0000000,0x00000000e0000000,0x00000000e8580000)
  from space 24064K, 96% used [0x00000000ea000000,0x00000000eb6c15a8,0x00000000eb780000)
  to   space 27136K, 0% used [0x00000000e8580000,0x00000000e8580000,0x00000000ea000000)
 ParOldGen       total 104448K, used 47841K [0x00000000a0000000, 0x00000000a6600000, 0x00000000e0000000)
  object space 104448K, 45% used [0x00000000a0000000,0x00000000a2eb8700,0x00000000a6600000)
 Metaspace       used 63392K, capacity 66270K, committed 66432K, reserved 1105920K
  class space    used 8450K, capacity 9041K, committed 9088K, reserved 1048576K
}

Deoptimization events (10 events):
Event: 409.564 Thread 0x000000001d9ad800 Uncommon trap: reason=unstable_if action=reinterpret pc=0x00000000056b1a7c method=java.io.ExpiringCache.put(Ljava/lang/String;Ljava/lang/String;)V @ 29
Event: 409.564 Thread 0x000000001d9ad000 Uncommon trap: reason=unstable_if action=reinterpret pc=0x00000000056b1a7c method=java.io.ExpiringCache.put(Ljava/lang/String;Ljava/lang/String;)V @ 29
Event: 409.871 Thread 0x000000001e3d8800 Uncommon trap: reason=unstable_if action=reinterpret pc=0x000000000580c220 method=com.sun.org.apache.xerces.internal.dom.NodeImpl.isOwned(Z)V @ 2
Event: 409.881 Thread 0x000000001e3d8800 Uncommon trap: reason=null_check action=make_not_entrant pc=0x0000000003f814ec method=com.android.ide.common.res2.NodeUtils.processSingleNodeNamespace(Lorg/w3c/dom/Node;Lorg/w3c/dom/Document;)Z @ 8
Event: 409.881 Thread 0x000000001e3d8800 Uncommon trap: reason=bimorphic action=maybe_recompile pc=0x0000000003ad0318 method=com.sun.org.apache.xerces.internal.dom.NodeImpl.ownerDocument()Lcom/sun/org/apache/xerces/internal/dom/CoreDocumentImpl; @ 11
Event: 409.882 Thread 0x000000001e3d8800 Uncommon trap: reason=bimorphic action=maybe_recompile pc=0x0000000003ad0318 method=com.sun.org.apache.xerces.internal.dom.NodeImpl.ownerDocument()Lcom/sun/org/apache/xerces/internal/dom/CoreDocumentImpl; @ 11
Event: 409.883 Thread 0x000000001e3d8800 Uncommon trap: reason=unstable_if action=reinterpret pc=0x000000000520e590 method=java.io.File.equals(Ljava/lang/Object;)Z @ 1
Event: 410.087 Thread 0x000000001d9af000 Uncommon trap: reason=unstable_if action=reinterpret pc=0x000000000514dd00 method=java.util.concurrent.locks.ReentrantLock$Sync.nonfairTryAcquire(I)Z @ 19
Event: 410.087 Thread 0x000000001d9ac000 Uncommon trap: reason=unstable_if action=reinterpret pc=0x000000000514dd00 method=java.util.concurrent.locks.ReentrantLock$Sync.nonfairTryAcquire(I)Z @ 19
Event: 410.113 Thread 0x000000001e3d8800 Uncommon trap: reason=unstable_if action=reinterpret pc=0x00000000049164a8 method=sun.nio.cs.UTF_8$Encoder.encodeArrayLoop(Ljava/nio/CharBuffer;Ljava/nio/ByteBuffer;)Ljava/nio/charset/CoderResult; @ 87

Internal exceptions (10 events):
Event: 403.899 Thread 0x000000001e3d8800 Exception <a 'sun/nio/fs/WindowsException'> (0x00000000e504c5b8) thrown at [C:\re\workspace\8-2-build-windows-amd64-cygwin\jdk8u71\5731\hotspot\src\share\vm\prims\jni.cpp, line 709]
Event: 403.899 Thread 0x000000001e3d8800 Exception <a 'sun/nio/fs/WindowsException'> (0x00000000e504cf48) thrown at [C:\re\workspace\8-2-build-windows-amd64-cygwin\jdk8u71\5731\hotspot\src\share\vm\prims\jni.cpp, line 709]
Event: 403.899 Thread 0x000000001e3d8800 Exception <a 'sun/nio/fs/WindowsException'> (0x00000000e504e9a8) thrown at [C:\re\workspace\8-2-build-windows-amd64-cygwin\jdk8u71\5731\hotspot\src\share\vm\prims\jni.cpp, line 709]
Event: 403.899 Thread 0x000000001e3d8800 Exception <a 'sun/nio/fs/WindowsException'> (0x00000000e504f3f8) thrown at [C:\re\workspace\8-2-build-windows-amd64-cygwin\jdk8u71\5731\hotspot\src\share\vm\prims\jni.cpp, line 709]
Event: 406.588 Thread 0x000000001e3d8800 Exception <a 'java/lang/ClassNotFoundException': com/android/build/gradle/internal/LibraryCache$1BeanInfo> (0x00000000e489f7a8) thrown at [C:\re\workspace\8-2-build-windows-amd64-cygwin\jdk8u71\5731\hotspot\src\share\vm\classfile\systemDictionary.cpp, line[žL*iiy@
Event: 406.588 Thread 0x000000001e3d8800 Exception <a 'java/lang/ClassNotFoundException': com/android/build/gradle/internal/LibraryCache$1Customizer> (0x00000000e48b1480) thrown at [C:\re\workspace\8-2-build-windows-amd64-cygwin\jdk8u71\5731\hotspot\src\share\vm\classfile\systemDictionary.cpp, liæ'‚ýËŒy@
Event: 408.800 Thread 0x000000001e3d8800 Implicit null exception at 0x0000000005b3677b to 0x0000000005b36e41
Event: 409.197 Thread 0x000000001e3d8800 Implicit null exception at 0x000000000421641e to 0x0000000004216ecd
Event: 409.881 Thread 0x000000001e3d8800 Implicit null exception at 0x0000000003f81397 to 0x0000000003f814db
Event: 409.883 Thread 0x000000001e3d8800 Implicit null exception at 0x000000000520deef to 0x000000000520e57d

Events (10 events):
Event: 410.449 Executing VM operation: RevokeBias
Event: 410.449 Executing VM operation: RevokeBias done
Event: 410.449 Thread 0x000000001d9b2000 Thread exited: 0x000000001d9b2000
Event: 410.449 Thread 0x000000001b250000 Thread exited: 0x000000001b250000
Event: 410.449 Thread 0x000000001b24b800 Thread exited: 0x000000001b24b800
Event: 410.449 Executing VM operation: RevokeBias
Event: 410.449 Executing VM operation: RevokeBias done
Event: 410.449 Thread 0x000000001b243000 Thread exited: 0x000000001b243000
Event: 410.449 Thread 0x000000001b24f000 Thread exited: 0x000000001b24f000
Event: 410.449 Thread 0x000000001b250800 Thread exited: 0x000000001b250800


Dynamic libraries:
0x00007ff7a4ba0000 - 0x00007ff7a4bd7000 	C:\Program Files\Java\jdk1.8.0_71\bin\java.exe
0x00007ffff7370000 - 0x00007ffff7541000 	C:\WINDOWS\SYSTEM32\ntdll.dll
0x00007ffff5400000 - 0x00007ffff54ab000 	C:\WINDOWS\System32\KERNEL32.DLL
0x00007ffff3980000 - 0x00007ffff3b9d000 	C:\WINDOWS\System32\KERNELBASE.dll
0x00007ffff5350000 - 0x00007ffff53f2000 	C:\WINDOWS\System32\ADVAPI32.dll
0x00007ffff54b0000 - 0x00007ffff554e000 	C:\WINDOWS\System32\msvcrt.dll
0x00007ffff4960000 - 0x00007ffff49b9000 	C:\WINDOWS\System32\sechost.dll
0x00007ffff50c0000 - 0x00007ffff51e1000 	C:\WINDOWS\System32\RPCRT4.dll
0x00007ffff49d0000 - 0x00007ffff4b35000 	C:\WINDOWS\System32\USER32.dll
0x00007ffff48e0000 - 0x00007ffff48fe000 	C:\WINDOWS\System32\win32u.dll
0x00007ffff4c50000 - 0x00007ffff4c84000 	C:\WINDOWS\System32\GDI32.dll
0x00007ffff4750000 - 0x00007ffff48d2000 	C:\WINDOWS\System32\gdi32full.dll
0x00007fffea540000 - 0x00007fffea7ba000 	C:\WINDOWS\WinSxS\amd64_microsoft.windows.common-controls_6595b64144ccf1df_6.0.14393.953_none_42151e83c686086b\COMCTL32.dll
0x00007ffff5730000 - 0x00007ffff59f8000 	C:\WINDOWS\System32\combase.dll
0x00007ffff3ba0000 - 0x00007ffff3c95000 	C:\WINDOWS\System32\ucrtbase.dll
0x00007ffff3910000 - 0x00007ffff397a000 	C:\WINDOWS\System32\bcryptPrimitives.dll
0x00007ffff5320000 - 0x00007ffff534e000 	C:\WINDOWS\System32\IMM32.DLL
0x00000000512a0000 - 0x0000000051372000 	C:\Program Files\Java\jdk1.8.0_71\jre\bin\msvcr100.dll
0x0000000050a10000 - 0x000000005129f000 	C:\Program Files\Java\jdk1.8.0_71\jre\bin\server\jvm.dll
0x00007ffff49c0000 - 0x00007ffff49c8000 	C:\WINDOWS\System32\PSAPI.DLL
0x00007ffff1110000 - 0x00007ffff1119000 	C:\WINDOWS\SYSTEM32\WSOCK32.dll
0x00007fffecc80000 - 0x00007fffecc8a000 	C:\WINDOWS\SYSTEM32\VERSION.dll
0x00007ffff1900000 - 0x00007ffff1923000 	C:\WINDOWS\SYSTEM32\WINMM.dll
0x00007ffff18d0000 - 0x00007ffff18fb000 	C:\WINDOWS\SYSTEM32\WINMMBASE.dll
0x00007ffff3f80000 - 0x00007ffff3fc2000 	C:\WINDOWS\System32\cfgmgr32.dll
0x00007ffff4b40000 - 0x00007ffff4baa000 	C:\WINDOWS\System32\WS2_32.dll
0x00000000522e0000 - 0x00000000522ef000 	C:\Program Files\Java\jdk1.8.0_71\jre\bin\verify.dll
0x00000000522b0000 - 0x00000000522d9000 	C:\Program Files\Java\jdk1.8.0_71\jre\bin\java.dll
0x0000000052290000 - 0x00000000522a6000 	C:\Program Files\Java\jdk1.8.0_71\jre\bin\zip.dll
0x00007ffff5e00000 - 0x00007ffff7309000 	C:\WINDOWS\System32\SHELL32.dll
0x00007ffff4070000 - 0x00007ffff474a000 	C:\WINDOWS\System32\windows.storage.dll
0x00007ffff3800000 - 0x00007ffff384c000 	C:\WINDOWS\System32\powrprof.dll
0x00007ffff5c00000 - 0x00007ffff5c52000 	C:\WINDOWS\System32\shlwapi.dll
0x00007ffff3850000 - 0x00007ffff385f000 	C:\WINDOWS\System32\kernel.appcore.dll
0x00007ffff3ed0000 - 0x00007ffff3f79000 	C:\WINDOWS\System32\shcore.dll
0x00007ffff37e0000 - 0x00007ffff37f4000 	C:\WINDOWS\System32\profapi.dll
0x0000000052270000 - 0x000000005228a000 	C:\Program Files\Java\jdk1.8.0_71\jre\bin\net.dll
0x00007ffff30a0000 - 0x00007ffff30fc000 	C:\WINDOWS\system32\mswsock.dll
0x00000000509f0000 - 0x0000000050a01000 	C:\Program Files\Java\jdk1.8.0_71\jre\bin\nio.dll
0x00007fffdb900000 - 0x00007fffdb912000 	C:\Users\wubin\.gradle\native\19\windows-amd64\native-platform.dll
0x00007ffff3250000 - 0x00007ffff3267000 	C:\WINDOWS\SYSTEM32\CRYPTSP.dll
0x00007ffff2ca0000 - 0x00007ffff2cd3000 	C:\WINDOWS\system32\rsaenh.dll
0x00007ffff3710000 - 0x00007ffff373b000 	C:\WINDOWS\SYSTEM32\bcrypt.dll
0x00007ffff2f20000 - 0x00007ffff2f3f000 	C:\WINDOWS\SYSTEM32\USERENV.dll
0x00007ffff3240000 - 0x00007ffff324b000 	C:\WINDOWS\SYSTEM32\CRYPTBASE.dll
0x00007ffff2e20000 - 0x00007ffff2e58000 	C:\WINDOWS\SYSTEM32\IPHLPAPI.DLL
0x00007ffff52f0000 - 0x00007ffff52f8000 	C:\WINDOWS\System32\NSI.dll
0x00007fffeec30000 - 0x00007fffeec46000 	C:\WINDOWS\SYSTEM32\dhcpcsvc6.DLL
0x00007fffeed00000 - 0x00007fffeed1a000 	C:\WINDOWS\SYSTEM32\dhcpcsvc.DLL
0x00000000509e0000 - 0x00000000509ed000 	C:\Program Files\Java\jdk1.8.0_71\jre\bin\management.dll

VM Arguments:
jvm_args: -Xmx1536m -Dfile.encoding=GBK -Duser.country=CN -Duser.language=zh -Duser.variant 
java_command: org.gradle.launcher.daemon.bootstrap.GradleDaemon 2.14.1
java_class_path (initial): C:\Users\wubin\.gradle\wrapper\dists\gradle-2.14.1-all\8bnwg5hd3w55iofp58khbp6yv\gradle-2.14.1\lib\gradle-launcher-2.14.1.jar
Launcher Type: SUN_STANDARD

Environment Variables:
JAVA_HOME=C:\Program Files\Java\jdk1.8.0_71
PATH=C:\ProgramData\Oracle\Java\javapath;C:\Program Files (x86)\Intel\iCLS Client\;C:\Program Files\Intel\iCLS Client\;C:\Windows\system32;C:\Windows;C:\Windows\System32\Wbem;C:\Windows\System32\WindowsPowerShell\v1.0\;C:\Program Files (x86)\Intel\Intel(R) Management Engine Components\DAL;C:\Program Files\Intel\Intel(R) Management Engine Components\DAL;C:\Program Files (x86)\Intel\Intel(R) Management Engine Components\IPT;C:\Program Files\Intel\Intel(R) Management Engine Components\IPT;C:\Program Files (x86)\NVIDIA Corporation\PhysX\Common;C:\Program Files\Java\jdk1.8.0_71;C:\WINDOWS\system32;C:\WINDOWS;C:\WINDOWS\System32\Wbem;C:\WINDOWS\System32\WindowsPowerShell\v1.0\;D:\Program Files\TortoiseSVN\bin;C:\Program Files\Git\cmd;C:\Users\wubin\AppData\Local\Microsoft\WindowsApps;
USERNAME=wubin
OS=Windows_NT
PROCESSOR_IDENTIFIER=Intel64 Family 6 Model 94 Stepping 3, GenuineIntel



---------------  S Y S T E M  ---------------

OS: Windows 10.0 , 64 bit Build 14393 (10.0.14393.0)

CPU:total 8 (4 cores per cpu, 2 threads per core) family 6 model 94 stepping 3, cmov, cx8, fxsr, mmx, sse, sse2, sse3, ssse3, sse4.1, sse4.2, popcnt, avx, avx2, aes, clmul, erms, rtm, 3dnowpref, lzcnt, ht, tsc, tscinvbit, bmi1, bmi2, adx

Memory: 4k page, physical 8276448k(1639556k free), swap 8276448k(28516k free)

vm_info: Java HotSpot(TM) 64-Bit Server VM (25.71-b15) for windows-amd64 JRE (1.8.0_71-b15), built on Dec 22 2015 18:15:55 by "java_re" with MS VC++ 10.0 (VS2010)

time: Fri Mar 24 21:13:40 2017
elapsed time: 410 seconds (0d 0h 6m 50s)

